#
# There is insufficient memory for the Java Runtime Environment to continue.
# Native memory allocation (malloc) failed to allocate 32744 bytes for ChunkPool::allocate
# Possible reasons:
#   The system is out of physical RAM or swap space
#   In 32 bit mode, the process size limit was hit
# Possible solutions:
#   Reduce memory load on the system
#   Increase physical memory or swap space
#   Check if swap backing store is full
#   Use 64 bit Java on a 64 bit OS
#   Decrease Java heap size (-Xmx/-Xms)
#   Decrease number of Java threads
#   Decrease Java thread stack sizes (-Xss)
#   Set larger code cache with -XX:ReservedCodeCacheSize=
# This output file may be truncated or incomplete.
#
#  Out of Memory Error (allocation.cpp:273), pid=24436, tid=0x0000000000005918
#
# JRE version: OpenJDK Runtime Environment (8.0) (build 1.8.0-adoptopenjdk-_2018_05_19_00_59-b00)
# Java VM: OpenJDK 64-Bit Server VM (25.71-b00 mixed mode windows-amd64 compressed oops)
# Failed to write core dump. Minidumps are not enabled by default on client versions of Windows
#

---------------  T H R E A D  ---------------

Current thread (0x0000000018ad1800):  JavaThread "C1 CompilerThread8" daemon [_thread_in_native, id=22808, stack(0x000000001af10000,0x000000001b010000)]

Stack: [0x000000001af10000,0x000000001b010000]
[error occurred during error reporting (printing stack bounds), id 0xc0000005]

Native frames: (J=compiled Java code, j=interpreted, Vv=VM code, C=native code)


Current CompileTask:
C1:    343  527       3       sun.net.www.protocol.jar.Handler::parseURL (201 bytes)


---------------  P R O C E S S  ---------------

Java Threads: ( => current thread )
  0x0000000018b7c800 JavaThread "Service Thread" daemon [_thread_blocked, id=15436, stack(0x000000001b410000,0x000000001b510000)]
  0x0000000018ace800 JavaThread "C1 CompilerThread11" daemon [_thread_in_vm, id=13800, stack(0x000000001b310000,0x000000001b410000)]
  0x0000000018ad4000 JavaThread "C1 CompilerThread10" daemon [_thread_in_native, id=5656, stack(0x000000001b210000,0x000000001b310000)]
  0x0000000018acf800 JavaThread "C1 CompilerThread9" daemon [_thread_in_native, id=21624, stack(0x000000001b110000,0x000000001b210000)]
=>0x0000000018ad1800 JavaThread "C1 CompilerThread8" daemon [_thread_in_native, id=22808, stack(0x000000001af10000,0x000000001b010000)]
  0x0000000018ad3000 JavaThread "C2 CompilerThread7" daemon [_thread_blocked, id=21676, stack(0x000000001ae10000,0x000000001af10000)]
  0x0000000018ad1000 JavaThread "C2 CompilerThread6" daemon [_thread_in_native, id=12592, stack(0x000000001ad10000,0x000000001ae10000)]
  0x0000000018ad2800 JavaThread "C2 CompilerThread5" daemon [_thread_blocked, id=24924, stack(0x000000001ac10000,0x000000001ad10000)]
  0x0000000018ace000 JavaThread "C2 CompilerThread4" daemon [_thread_blocked, id=24504, stack(0x000000001ab10000,0x000000001ac10000)]
  0x0000000018acc800 JavaThread "C2 CompilerThread3" daemon [_thread_blocked, id=24912, stack(0x000000001aa10000,0x000000001ab10000)]
  0x0000000018ac5800 JavaThread "C2 CompilerThread2" daemon [_thread_blocked, id=1564, stack(0x000000001a910000,0x000000001aa10000)]
  0x0000000018ac4800 JavaThread "C2 CompilerThread1" daemon [_thread_blocked, id=8876, stack(0x000000001a810000,0x000000001a910000)]
  0x0000000018ac2800 JavaThread "C2 CompilerThread0" daemon [_thread_blocked, id=24448, stack(0x000000001a710000,0x000000001a810000)]
  0x0000000018ac2000 JavaThread "Attach Listener" daemon [_thread_blocked, id=20064, stack(0x000000001a610000,0x000000001a710000)]
  0x000000001704b000 JavaThread "Signal Dispatcher" daemon [_thread_blocked, id=24948, stack(0x000000001a510000,0x000000001a610000)]
  0x0000000017045800 JavaThread "Finalizer" daemon [_thread_blocked, id=19860, stack(0x000000001a310000,0x000000001a410000)]
  0x000000001703e000 JavaThread "Reference Handler" daemon [_thread_blocked, id=7304, stack(0x000000001a210000,0x000000001a310000)]
  0x0000000002dd5000 JavaThread "main" [_thread_in_native, id=16672, stack(0x0000000002cd0000,0x0000000002dd0000)]

Other Threads:
  0x0000000018a85800 VMThread [stack: 0x000000001a110000,0x000000001a210000] [id=5736]
  0x0000000018b81800 WatcherThread [stack: 0x000000001b510000,0x000000001b610000] [id=22344]

VM state:not at safepoint (normal execution)

VM Mutex/Monitor currently owned by a thread: None

Heap:
 PSYoungGen      total 28160K, used 11824K [0x00000000e0c00000, 0x00000000e2b00000, 0x0000000100000000)
  eden space 24576K, 48% used [0x00000000e0c00000,0x00000000e178c2e0,0x00000000e2400000)
  from space 3584K, 0% used [0x00000000e2780000,0x00000000e2780000,0x00000000e2b00000)
  to   space 3584K, 0% used [0x00000000e2400000,0x00000000e2400000,0x00000000e2780000)
 ParOldGen       total 64512K, used 0K [0x00000000a2400000, 0x00000000a6300000, 0x00000000e0c00000)
  object space 64512K, 0% used [0x00000000a2400000,0x00000000a2400000,0x00000000a6300000)
 Metaspace       used 6701K, capacity 6894K, committed 7040K, reserved 1058816K
  class space    used 792K, capacity 871K, committed 896K, reserved 1048576K

Card table byte_map: [0x0000000012290000,0x0000000012580000] byte_map_base: 0x0000000011d7e000

Marking Bits: (ParMarkBitMap*) 0x000000005bd0be50
 Begin Bits: [0x0000000013480000, 0x0000000014bf0000)
 End Bits:   [0x0000000014bf0000, 0x0000000016360000)

Polling page: 0x0000000001400000

CodeCache: size=245760Kb used=3969Kb max_used=3969Kb free=241790Kb
 bounds [0x0000000002ed0000, 0x00000000032c0000, 0x0000000011ed0000]
 total_blobs=852 nmethods=533 adapters=231
 compilation: enabled

Compilation events (10 events):
Event: 0.342 Thread 0x0000000018ad1800  527       3       sun.net.www.protocol.jar.Handler::parseURL (201 bytes)
Event: 0.342 Thread 0x0000000018acf800  528       3       sun.net.www.protocol.jar.Handler::parseContextSpec (154 bytes)
Event: 0.342 Thread 0x0000000018ad4000  529       3       sun.net.www.protocol.jar.Handler::indexOfBangSlash (52 bytes)
Event: 0.342 Thread 0x0000000018ace800  530       3       sun.net.www.ParseUtil::<init> (5 bytes)
Event: 0.342 Thread 0x0000000018ace800 nmethod 530 0x00000000032ab050 code [0x00000000032ab1a0, 0x00000000032ab350]
Event: 0.342 Thread 0x0000000018ace800  537       3       java.util.jar.JarFile::getManifest (5 bytes)
Event: 0.342 Thread 0x0000000018ace800 nmethod 537 0x00000000032ab410 code [0x00000000032ab580, 0x00000000032ab708]
Event: 0.342 Thread 0x0000000018ace800  531       3       sun.net.www.ParseUtil::canonizeString (195 bytes)
Event: 0.342 Thread 0x0000000018ad4000 nmethod 529 0x00000000032ab790 code [0x00000000032ab940, 0x00000000032ac038]
Event: 0.342 Thread 0x0000000018ad4000  532       3       java.net.URLStreamHandler::setURL (159 bytes)

GC Heap History (0 events):
No events

Deoptimization events (0 events):
No events

Classes redefined (0 events):
No events

Internal exceptions (10 events):
Event: 0.328 Thread 0x0000000002dd5000 Exception <a 'sun/nio/fs/WindowsException'> (0x00000000e16c3eb0) thrown at [C:\Users\jenkins\workspace\openjdk8_build_x86-64_windows\openjdk\hotspot\src\share\vm\prims\jni.cpp, line 709]
Event: 0.328 Thread 0x0000000002dd5000 Exception <a 'sun/nio/fs/WindowsException'> (0x00000000e16c45b8) thrown at [C:\Users\jenkins\workspace\openjdk8_build_x86-64_windows\openjdk\hotspot\src\share\vm\prims\jni.cpp, line 709]
Event: 0.328 Thread 0x0000000002dd5000 Exception <a 'sun/nio/fs/WindowsException'> (0x00000000e16c5198) thrown at [C:\Users\jenkins\workspace\openjdk8_build_x86-64_windows\openjdk\hotspot\src\share\vm\prims\jni.cpp, line 709]
Event: 0.328 Thread 0x0000000002dd5000 Exception <a 'sun/nio/fs/WindowsException'> (0x00000000e16c58d8) thrown at [C:\Users\jenkins\workspace\openjdk8_build_x86-64_windows\openjdk\hotspot\src\share\vm\prims\jni.cpp, line 709]
Event: 0.338 Thread 0x0000000002dd5000 Exception <a 'java/security/PrivilegedActionException'> (0x00000000e1703db8) thrown at [C:\Users\jenkins\workspace\openjdk8_build_x86-64_windows\openjdk\hotspot\src\share\vm\prims\jvm.cpp, line 1435]
Event: 0.338 Thread 0x0000000002dd5000 Exception <a 'java/security/PrivilegedActionException'> (0x00000000e17041b0) thrown at [C:\Users\jenkins\workspace\openjdk8_build_x86-64_windows\openjdk\hotspot\src\share\vm\prims\jvm.cpp, line 1435]
Event: 0.338 Thread 0x0000000002dd5000 Exception <a 'java/security/PrivilegedActionException'> (0x00000000e1707d38) thrown at [C:\Users\jenkins\workspace\openjdk8_build_x86-64_windows\openjdk\hotspot\src\share\vm\prims\jvm.cpp, line 1435]
Event: 0.338 Thread 0x0000000002dd5000 Exception <a 'java/security/PrivilegedActionException'> (0x00000000e1708130) thrown at [C:\Users\jenkins\workspace\openjdk8_build_x86-64_windows\openjdk\hotspot\src\share\vm\prims\jvm.cpp, line 1435]
Event: 0.338 Thread 0x0000000002dd5000 Exception <a 'java/security/PrivilegedActionException'> (0x00000000e1709638) thrown at [C:\Users\jenkins\workspace\openjdk8_build_x86-64_windows\openjdk\hotspot\src\share\vm\prims\jvm.cpp, line 1435]
Event: 0.338 Thread 0x0000000002dd5000 Exception <a 'java/security/PrivilegedActionException'> (0x00000000e1709a30) thrown at [C:\Users\jenkins\workspace\openjdk8_build_x86-64_windows\openjdk\hotspot\src\share\vm\prims\jvm.cpp, line 1435]

Events (10 events):
Event: 0.341 loading class com/sun/org/apache/xerces/internal/xni/parser/XMLDocumentFilter done
Event: 0.341 loading class com/sun/org/apache/xerces/internal/impl/RevalidationHandler done
Event: 0.341 loading class com/google/common/base/Joiner
Event: 0.341 loading class com/google/common/base/Joiner done
Event: 0.341 loading class com/google/common/base/Joiner$2
Event: 0.341 loading class com/google/common/base/Joiner$2 done
Event: 0.342 loading class com/google/common/base/Joiner$1
Event: 0.342 loading class com/google/common/base/Joiner$1 done
Event: 0.342 loading class javax/xml/bind/JAXBContext
Event: 0.342 loading class javax/xml/bind/JAXBContext done


Dynamic libraries:
0x00007ff6cbfe0000 - 0x00007ff6cc015000 	D:\unity\Hub\Editor\2021.3.21f1\Editor\Data\PlaybackEngines\AndroidPlayer\OpenJDK\bin\java.exe
0x00007ffa22eb0000 - 0x00007ffa230c4000 	C:\WINDOWS\SYSTEM32\ntdll.dll
0x00007ffa21b00000 - 0x00007ffa21bc2000 	C:\WINDOWS\System32\KERNEL32.DLL
0x00007ffa20520000 - 0x00007ffa208c3000 	C:\WINDOWS\System32\KERNELBASE.dll
0x00007ffa21f60000 - 0x00007ffa2200e000 	C:\WINDOWS\System32\ADVAPI32.dll
0x00007ffa21470000 - 0x00007ffa21517000 	C:\WINDOWS\System32\msvcrt.dll
0x00007ffa213c0000 - 0x00007ffa21464000 	C:\WINDOWS\System32\sechost.dll
0x00007ffa22d50000 - 0x00007ffa22e67000 	C:\WINDOWS\System32\RPCRT4.dll
0x00007ffa211a0000 - 0x00007ffa2134b000 	C:\WINDOWS\System32\USER32.dll
0x00007ffa20be0000 - 0x00007ffa20c06000 	C:\WINDOWS\System32\win32u.dll
0x00007ffa22c40000 - 0x00007ffa22c69000 	C:\WINDOWS\System32\GDI32.dll
0x00007ffa20ac0000 - 0x00007ffa20bd8000 	C:\WINDOWS\System32\gdi32full.dll
0x00007ffa20c10000 - 0x00007ffa20caa000 	C:\WINDOWS\System32\msvcp_win.dll
0x00007ffa202d0000 - 0x00007ffa203e1000 	C:\WINDOWS\System32\ucrtbase.dll
0x00007ffa10540000 - 0x00007ffa107ce000 	C:\WINDOWS\WinSxS\amd64_microsoft.windows.common-controls_6595b64144ccf1df_6.0.22621.1635_none_270f70857386168e\COMCTL32.dll
0x00007ffa22c00000 - 0x00007ffa22c31000 	C:\WINDOWS\System32\IMM32.DLL
0x000000005cec0000 - 0x000000005cf92000 	D:\unity\Hub\Editor\2021.3.21f1\Editor\Data\PlaybackEngines\AndroidPlayer\OpenJDK\jre\bin\msvcr100.dll
0x000000005b540000 - 0x000000005bd89000 	D:\unity\Hub\Editor\2021.3.21f1\Editor\Data\PlaybackEngines\AndroidPlayer\OpenJDK\jre\bin\server\jvm.dll
0x00007ffa22010000 - 0x00007ffa22018000 	C:\WINDOWS\System32\PSAPI.DLL
0x00007ffa192c0000 - 0x00007ffa192f4000 	C:\WINDOWS\SYSTEM32\WINMM.dll
0x00007ffa18370000 - 0x00007ffa1837a000 	C:\WINDOWS\SYSTEM32\VERSION.dll
0x00007ff9b02b0000 - 0x00007ff9b02b9000 	C:\WINDOWS\SYSTEM32\WSOCK32.dll
0x00007ffa21010000 - 0x00007ffa21081000 	C:\WINDOWS\System32\WS2_32.dll
0x00007ffa1ab40000 - 0x00007ffa1ab4f000 	D:\unity\Hub\Editor\2021.3.21f1\Editor\Data\PlaybackEngines\AndroidPlayer\OpenJDK\jre\bin\verify.dll
0x00007ffa1ab10000 - 0x00007ffa1ab39000 	D:\unity\Hub\Editor\2021.3.21f1\Editor\Data\PlaybackEngines\AndroidPlayer\OpenJDK\jre\bin\java.dll
0x00007ffa1aaf0000 - 0x00007ffa1ab06000 	D:\unity\Hub\Editor\2021.3.21f1\Editor\Data\PlaybackEngines\AndroidPlayer\OpenJDK\jre\bin\zip.dll
0x00007ffa22400000 - 0x00007ffa22bfa000 	C:\WINDOWS\System32\SHELL32.dll
0x00007ffa1e2d0000 - 0x00007ffa1eb9e000 	C:\WINDOWS\SYSTEM32\windows.storage.dll
0x00007ffa21bd0000 - 0x00007ffa21f59000 	C:\WINDOWS\System32\combase.dll
0x00007ffa1e190000 - 0x00007ffa1e2ce000 	C:\WINDOWS\SYSTEM32\wintypes.dll
0x00007ffa210a0000 - 0x00007ffa21191000 	C:\WINDOWS\System32\SHCORE.dll
0x00007ffa21350000 - 0x00007ffa213ae000 	C:\WINDOWS\System32\shlwapi.dll
0x00007ffa20200000 - 0x00007ffa20221000 	C:\WINDOWS\SYSTEM32\profapi.dll
0x00007ffa1a790000 - 0x00007ffa1a7aa000 	D:\unity\Hub\Editor\2021.3.21f1\Editor\Data\PlaybackEngines\AndroidPlayer\OpenJDK\jre\bin\net.dll
0x00007ffa1f790000 - 0x00007ffa1f7f9000 	C:\WINDOWS\system32\mswsock.dll
0x00007ffa19420000 - 0x00007ffa19431000 	D:\unity\Hub\Editor\2021.3.21f1\Editor\Data\PlaybackEngines\AndroidPlayer\OpenJDK\jre\bin\nio.dll

VM Arguments:
jvm_args: -Dfile.encoding=UTF-8 -Dcom.android.sdklib.toolsdir=D:\unity\Hub\Editor\2021.3.21f1\Editor\Data\PlaybackEngines\AndroidPlayer\SDK\tools\bin\\.. 
java_command: com.android.sdklib.tool.sdkmanager.SdkManagerCli --list
java_class_path (initial): D:\unity\Hub\Editor\2021.3.21f1\Editor\Data\PlaybackEngines\AndroidPlayer\SDK\tools\bin\..\lib\dvlib-26.0.0-dev.jar;D:\unity\Hub\Editor\2021.3.21f1\Editor\Data\PlaybackEngines\AndroidPlayer\SDK\tools\bin\..\lib\jimfs-1.1.jar;D:\unity\Hub\Editor\2021.3.21f1\Editor\Data\PlaybackEngines\AndroidPlayer\SDK\tools\bin\..\lib\jsr305-1.3.9.jar;D:\unity\Hub\Editor\2021.3.21f1\Editor\Data\PlaybackEngines\AndroidPlayer\SDK\tools\bin\..\lib\repository-26.0.0-dev.jar;D:\unity\Hub\Editor\2021.3.21f1\Editor\Data\PlaybackEngines\AndroidPlayer\SDK\tools\bin\..\lib\j2objc-annotations-1.1.jar;D:\unity\Hub\Editor\2021.3.21f1\Editor\Data\PlaybackEngines\AndroidPlayer\SDK\tools\bin\..\lib\layoutlib-api-26.0.0-dev.jar;D:\unity\Hub\Editor\2021.3.21f1\Editor\Data\PlaybackEngines\AndroidPlayer\SDK\tools\bin\..\lib\gson-2.3.jar;D:\unity\Hub\Editor\2021.3.21f1\Editor\Data\PlaybackEngines\AndroidPlayer\SDK\tools\bin\..\lib\httpcore-4.2.5.jar;D:\unity\Hub\Editor\2021.3.21f1\Editor\Data\PlaybackEngines\AndroidPlayer\SDK\tools\bin\..\lib\commons-logging-1.1.1.jar;D:\unity\Hub\Editor\2021.3.21f1\Editor\Data\PlaybackEngines\AndroidPlayer\SDK\tools\bin\..\lib\commons-compress-1.12.jar;D:\unity\Hub\Editor\2021.3.21f1\Editor\Data\PlaybackEngines\AndroidPlayer\SDK\tools\bin\..\lib\annotations-26.0.0-dev.jar;D:\unity\Hub\Editor\2021.3.21f1\Editor\Data\PlaybackEngines\AndroidPlayer\SDK\tools\bin\..\lib\error_prone_annotations-2.0.18.jar;D:\unity\Hub\Editor\2021.3.21f1\Editor\Data\PlaybackEngines\AndroidPlayer\SDK\tools\bin\..\lib\animal-sniffer-annotations-1.14.jar;D:\unity\Hub\Editor\2021.3.21f1\Editor\Data\PlaybackEngines\AndroidPlayer\SDK\tools\bin\..\lib\httpclient-4.2.6.jar;D:\unity\Hub\Editor\2021.3.21f1\Editor\Data\PlaybackEngines\AndroidPlayer\SDK\tools\bin\..\lib\commons-codec-1.6.jar;D:\unity\Hub\Editor\2021.3.21f1\Editor\Data\PlaybackEngines\AndroidPlayer\SDK\tools\bin\..\lib\common-26.0.0-dev.jar;D:\unity\Hub\Editor\2021.3.21f1\Editor\Data\PlaybackEngines\AndroidPla
Launcher Type: SUN_STANDARD

Environment Variables:
JAVA_HOME=D:\unity\Hub\Editor\2021.3.21f1\Editor\Data\PlaybackEngines\AndroidPlayer\OpenJDK
JAVA_TOOL_OPTIONS=-Dfile.encoding=UTF-8
PATH=C:\ProgramData\Oracle\Java\javapath;C:\Program Files\Java\jdk-19\bin;D:\VMware\VM workstation\bin\;C:\Windows\system32;C:\Windows;C:\Windows\System32\Wbem;C:\Windows\System32\WindowsPowerShell\v1.0\;C:\Windows\System32\OpenSSH\;C:\Program Files (x86)\NVIDIA Corporation\PhysX\Common;C:\Program Files\dotnet\;D:\Git\cmd;C:\Program Files\nodejs\;C:\WINDOWS\system32;C:\WINDOWS;C:\WINDOWS\System32\Wbem;C:\WINDOWS\System32\WindowsPowerShell\v1.0\;C:\WINDOWS\System32\OpenSSH\;;C:\Program Files\NVIDIA Corporation\NVIDIA NvDLISR;C:\Users\LENOVO\AppData\Local\Microsoft\WindowsApps;D:\pycharm\PyCharm Community Edition 2022.1.4\bin;;C:\Users\LENOVO\.dotnet\tools;C:\Users\LENOVO\AppData\Roaming\npm;D:\VS code\Microsoft VS Code\bin;C:\Users\LENOVO\AppData\Local\GitHubDesktop\bin;D:\unity\Hub\Editor\2021.3.21f1\Editor\Data\PlaybackEngines\AndroidPlayer\OpenJDK\bin;
USERNAME=LENOVO
OS=Windows_NT
PROCESSOR_IDENTIFIER=AMD64 Family 25 Model 80 Stepping 0, AuthenticAMD



---------------  S Y S T E M  ---------------

OS: Windows 10.0 , 64 bit Build 22621 (10.0.22621.1635)

CPU:total 16 (initial active 16) (16 cores per cpu, 1 threads per core) family 25 model 80 stepping 0, cmov, cx8, fxsr, mmx, sse, sse2, sse3, ssse3, sse4.1, sse4.2, popcnt, avx, avx2, aes, clmul, erms, mmxext, 3dnowpref, lzcnt, sse4a, tsc, tscinvbit, tscinv, bmi1

Memory: 4k page, physical 6139972k(299308k free), swap 22281920k(328k free)

vm_info: OpenJDK 64-Bit Server VM (25.71-b00) for windows-amd64 JRE (1.8.0-adoptopenjdk-_2018_05_19_00_59-b00), built on May 19 2018 01:02:12 by "jenkins" with MS VC++ 10.0 (VS2010)

time: Wed May 24 20:50:30 2023
elapsed time: 0 seconds (0d 0h 0m 0s)

