#
# There is insufficient memory for the Java Runtime Environment to continue.
# Native memory allocation (malloc) failed to allocate 1048576 bytes for AllocateHeap
# Possible reasons:
#   The system is out of physical RAM or swap space
#   In 32 bit mode, the process size limit was hit
# Possible solutions:
#   Reduce memory load on the system
#   Increase physical memory or swap space
#   Check if swap backing store is full
#   Use 64 bit Java on a 64 bit OS
#   Decrease Java heap size (-Xmx/-Xms)
#   Decrease number of Java threads
#   Decrease Java thread stack sizes (-Xss)
#   Set larger code cache with -XX:ReservedCodeCacheSize=
# This output file may be truncated or incomplete.
#
#  Out of Memory Error (memory/allocation.inline.hpp:61), pid=5000, tid=0x0000000000004d84
#
# JRE version:  (8.0) (build )
# Java VM: OpenJDK 64-Bit Server VM (25.71-b00 mixed mode windows-amd64 compressed oops)
# Failed to write core dump. Minidumps are not enabled by default on client versions of Windows
#

---------------  T H R E A D  ---------------

Current thread (0x00000000029e2800):  JavaThread "Unknown thread" [_thread_in_vm, id=19844, stack(0x00000000028e0000,0x00000000029e0000)]

Stack: [0x00000000028e0000,0x00000000029e0000]
[error occurred during error reporting (printing stack bounds), id 0xc0000005]

Native frames: (J=compiled Java code, j=interpreted, Vv=VM code, C=native code)


---------------  P R O C E S S  ---------------

Java Threads: ( => current thread )

Other Threads:

=>0x00000000029e2800 (exited) JavaThread "Unknown thread" [_thread_in_vm, id=19844, stack(0x00000000028e0000,0x00000000029e0000)]

VM state:not at safepoint (normal execution)

VM Mutex/Monitor currently owned by a thread: None

Heap:
 PSYoungGen      total 28160K, used 491K [0x00000000e0c00000, 0x00000000e2b00000, 0x0000000100000000)
  eden space 24576K, 2% used [0x00000000e0c00000,0x00000000e0c7ae20,0x00000000e2400000)
  from space 3584K, 0% used [0x00000000e2780000,0x00000000e2780000,0x00000000e2b00000)
  to   space 3584K, 0% used [0x00000000e2400000,0x00000000e2400000,0x00000000e2780000)
 ParOldGen       total 64512K, used 0K [0x00000000a2400000, 0x00000000a6300000, 0x00000000e0c00000)
  object space 64512K, 0% used [0x00000000a2400000,0x00000000a2400000,0x00000000a6300000)
 Metaspace       used 777K, capacity 4480K, committed 4480K, reserved 1056768K
  class space    used 74K, capacity 384K, committed 384K, reserved 1048576K

Card table byte_map: [0x0000000011ea0000,0x0000000012190000] byte_map_base: 0x000000001198e000

Marking Bits: (ParMarkBitMap*) 0x000000005bd0be50
 Begin Bits: [0x0000000013090000, 0x0000000014800000)
 End Bits:   [0x0000000014800000, 0x0000000015f70000)

Polling page: 0x0000000000ea0000

CodeCache: size=245760Kb used=327Kb max_used=327Kb free=245432Kb
 bounds [0x0000000002ae0000, 0x0000000002d50000, 0x0000000011ae0000]
 total_blobs=56 nmethods=0 adapters=38
 compilation: enabled

Compilation events (0 events):
No events

GC Heap History (0 events):
No events

Deoptimization events (0 events):
No events

Classes redefined (0 events):
No events

Internal exceptions (0 events):
No events

Events (10 events):
Event: 0.010 loading class java/lang/Short
Event: 0.010 loading class java/lang/Short done
Event: 0.010 loading class java/lang/Integer
Event: 0.010 loading class java/lang/Integer done
Event: 0.010 loading class java/lang/Long
Event: 0.010 loading class java/lang/Long done
Event: 0.011 loading class java/lang/NullPointerException
Event: 0.011 loading class java/lang/NullPointerException done
Event: 0.011 loading class java/lang/ArithmeticException
Event: 0.011 loading class java/lang/ArithmeticException done


Dynamic libraries:
0x00007ff6cbfe0000 - 0x00007ff6cc015000 	D:\unity\Hub\Editor\2021.3.21f1\Editor\Data\PlaybackEngines\AndroidPlayer\OpenJDK\bin\java.exe
0x00007ffa22eb0000 - 0x00007ffa230c4000 	C:\WINDOWS\SYSTEM32\ntdll.dll
0x00007ffa21b00000 - 0x00007ffa21bc2000 	C:\WINDOWS\System32\KERNEL32.DLL
0x00007ffa20520000 - 0x00007ffa208c3000 	C:\WINDOWS\System32\KERNELBASE.dll
0x00007ffa21f60000 - 0x00007ffa2200e000 	C:\WINDOWS\System32\ADVAPI32.dll
0x00007ffa21470000 - 0x00007ffa21517000 	C:\WINDOWS\System32\msvcrt.dll
0x00007ffa213c0000 - 0x00007ffa21464000 	C:\WINDOWS\System32\sechost.dll
0x00007ffa22d50000 - 0x00007ffa22e67000 	C:\WINDOWS\System32\RPCRT4.dll
0x00007ffa211a0000 - 0x00007ffa2134b000 	C:\WINDOWS\System32\USER32.dll
0x00007ffa20be0000 - 0x00007ffa20c06000 	C:\WINDOWS\System32\win32u.dll
0x00007ffa22c40000 - 0x00007ffa22c69000 	C:\WINDOWS\System32\GDI32.dll
0x00007ffa20ac0000 - 0x00007ffa20bd8000 	C:\WINDOWS\System32\gdi32full.dll
0x00007ffa20c10000 - 0x00007ffa20caa000 	C:\WINDOWS\System32\msvcp_win.dll
0x00007ffa202d0000 - 0x00007ffa203e1000 	C:\WINDOWS\System32\ucrtbase.dll
0x00007ffa10540000 - 0x00007ffa107ce000 	C:\WINDOWS\WinSxS\amd64_microsoft.windows.common-controls_6595b64144ccf1df_6.0.22621.1635_none_270f70857386168e\COMCTL32.dll
0x00007ffa22c00000 - 0x00007ffa22c31000 	C:\WINDOWS\System32\IMM32.DLL
0x000000005cec0000 - 0x000000005cf92000 	D:\unity\Hub\Editor\2021.3.21f1\Editor\Data\PlaybackEngines\AndroidPlayer\OpenJDK\jre\bin\msvcr100.dll
0x000000005b540000 - 0x000000005bd89000 	D:\unity\Hub\Editor\2021.3.21f1\Editor\Data\PlaybackEngines\AndroidPlayer\OpenJDK\jre\bin\server\jvm.dll
0x00007ffa22010000 - 0x00007ffa22018000 	C:\WINDOWS\System32\PSAPI.DLL
0x00007ffa18370000 - 0x00007ffa1837a000 	C:\WINDOWS\SYSTEM32\VERSION.dll
0x00007ffa192c0000 - 0x00007ffa192f4000 	C:\WINDOWS\SYSTEM32\WINMM.dll
0x00007ff9b02b0000 - 0x00007ff9b02b9000 	C:\WINDOWS\SYSTEM32\WSOCK32.dll
0x00007ffa21010000 - 0x00007ffa21081000 	C:\WINDOWS\System32\WS2_32.dll
0x00007ffa1ab40000 - 0x00007ffa1ab4f000 	D:\unity\Hub\Editor\2021.3.21f1\Editor\Data\PlaybackEngines\AndroidPlayer\OpenJDK\jre\bin\verify.dll
0x00007ffa1ab10000 - 0x00007ffa1ab39000 	D:\unity\Hub\Editor\2021.3.21f1\Editor\Data\PlaybackEngines\AndroidPlayer\OpenJDK\jre\bin\java.dll
0x00007ffa1aaf0000 - 0x00007ffa1ab06000 	D:\unity\Hub\Editor\2021.3.21f1\Editor\Data\PlaybackEngines\AndroidPlayer\OpenJDK\jre\bin\zip.dll

VM Arguments:
jvm_args: -Dfile.encoding=UTF-8 
java_command: <unknown>
java_class_path (initial): .
Launcher Type: SUN_STANDARD

Environment Variables:
JAVA_HOME=C:\Program Files\Java\jdk1.8.0_77
JAVA_TOOL_OPTIONS=-Dfile.encoding=UTF-8
PATH=C:\ProgramData\Oracle\Java\javapath;C:\Program Files\Java\jdk-19\bin;D:\VMware\VM workstation\bin\;C:\Windows\system32;C:\Windows;C:\Windows\System32\Wbem;C:\Windows\System32\WindowsPowerShell\v1.0\;C:\Windows\System32\OpenSSH\;C:\Program Files (x86)\NVIDIA Corporation\PhysX\Common;C:\Program Files\dotnet\;D:\Git\cmd;C:\Program Files\nodejs\;C:\WINDOWS\system32;C:\WINDOWS;C:\WINDOWS\System32\Wbem;C:\WINDOWS\System32\WindowsPowerShell\v1.0\;C:\WINDOWS\System32\OpenSSH\;;C:\Program Files\NVIDIA Corporation\NVIDIA NvDLISR;C:\Users\LENOVO\AppData\Local\Microsoft\WindowsApps;D:\pycharm\PyCharm Community Edition 2022.1.4\bin;;C:\Users\LENOVO\.dotnet\tools;C:\Users\LENOVO\AppData\Roaming\npm;D:\VS code\Microsoft VS Code\bin;C:\Users\LENOVO\AppData\Local\GitHubDesktop\bin;D:\unity\Hub\Editor\2021.3.21f1\Editor\Data\PlaybackEngines\AndroidPlayer\OpenJDK\bin;
USERNAME=LENOVO
OS=Windows_NT
PROCESSOR_IDENTIFIER=AMD64 Family 25 Model 80 Stepping 0, AuthenticAMD



---------------  S Y S T E M  ---------------

OS: Windows 10.0 , 64 bit Build 22621 (10.0.22621.1635)

CPU:total 16 (initial active 16) (16 cores per cpu, 1 threads per core) family 25 model 80 stepping 0, cmov, cx8, fxsr, mmx, sse, sse2, sse3, ssse3, sse4.1, sse4.2, popcnt, avx, avx2, aes, clmul, erms, mmxext, 3dnowpref, lzcnt, sse4a, tsc, tscinvbit, tscinv, bmi1

Memory: 4k page, physical 6139972k(151480k free), swap 22281920k(5396k free)

vm_info: OpenJDK 64-Bit Server VM (25.71-b00) for windows-amd64 JRE (1.8.0-adoptopenjdk-_2018_05_19_00_59-b00), built on May 19 2018 01:02:12 by "jenkins" with MS VC++ 10.0 (VS2010)

time: Wed May 24 20:59:06 2023
elapsed time: 0 seconds (0d 0h 0m 0s)

